# JRE version: Java(TM) SE Runtime Environment (17.0.1+12) (build 17.0.1+12-LTS-39)
# Java VM: Java HotSpot(TM) 64-Bit Server VM (17.0.1+12-LTS-39, mixed mode, sharing, tiered, compressed oops, compressed class ptrs, g1 gc, windows-amd64)
GC Precious Log:
 CPUs: 4 total, 4 available
 Memory: 7886M
 Large Page Support: Disabled
 NUMA Support: Disabled
 Compressed Oops: Enabled (32-bit)
 Heap Region Size: 1M
 Heap Min Capacity: 8M
 Heap Initial Capacity: 124M
 Heap Max Capacity: 2G
 Pre-touch: Disabled
 Parallel Workers: 4
 Concurrent Workers: 1
 Concurrent Refinement Workers: 4
 Periodic GC: Disabled
Heap:
 garbage-first heap   total 218112K, used 114778K [0x0000000080000000, 0x0000000100000000)
  region size 1024K, 24 young (24576K), 8 survivors (8192K)
 Metaspace       used 115943K, committed 116608K, reserved 528384K
  class space    used 14988K, committed 15296K, reserved 421888K
GC Heap History (20 events):
Event: 68.376 GC heap before
{Heap before GC invocations=47 (full 0):
 garbage-first heap   total 181248K, used 150856K [0x0000000080000000, 0x0000000100000000)
  region size 1024K, 98 young (100352K), 11 survivors (11264K)
 Metaspace       used 65357K, committed 65984K, reserved 487424K
  class space    used 8698K, committed 8960K, reserved 421888K
}
Event: 68.386 GC heap after
{Heap after GC invocations=48 (full 0):
 garbage-first heap   total 181248K, used 64461K [0x0000000080000000, 0x0000000100000000)
  region size 1024K, 9 young (9216K), 9 survivors (9216K)
 Metaspace       used 65357K, committed 65984K, reserved 487424K
  class space    used 8698K, committed 8960K, reserved 421888K
}
Event: 69.917 GC heap before
{Heap before GC invocations=48 (full 0):
 garbage-first heap   total 181248K, used 163789K [0x0000000080000000, 0x0000000100000000)
  region size 1024K, 95 young (97280K), 9 survivors (9216K)
 Metaspace       used 76502K, committed 77184K, reserved 495616K
  class space    used 10528K, committed 10880K, reserved 421888K
}
Event: 69.928 GC heap after
{Heap after GC invocations=49 (full 0):
 garbage-first heap   total 181248K, used 80522K [0x0000000080000000, 0x0000000100000000)
  region size 1024K, 8 young (8192K), 8 survivors (8192K)
 Metaspace       used 76502K, committed 77184K, reserved 495616K
  class space    used 10528K, committed 10880K, reserved 421888K
}
Event: 70.651 GC heap before
{Heap before GC invocations=49 (full 0):
 garbage-first heap   total 181248K, used 128650K [0x0000000080000000, 0x0000000100000000)
  region size 1024K, 56 young (57344K), 8 survivors (8192K)
 Metaspace       used 79294K, committed 79936K, reserved 495616K
  class space    used 10838K, committed 11136K, reserved 421888K
}
Event: 70.669 GC heap after
{Heap after GC invocations=50 (full 0):
 garbage-first heap   total 181248K, used 80076K [0x0000000080000000, 0x0000000100000000)
  region size 1024K, 10 young (10240K), 10 survivors (10240K)
 Metaspace       used 79294K, committed 79936K, reserved 495616K
  class space    used 10838K, committed 11136K, reserved 421888K
}
Event: 71.738 GC heap before
{Heap before GC invocations=51 (full 0):
 garbage-first heap   total 181248K, used 145612K [0x0000000080000000, 0x0000000100000000)
  region size 1024K, 72 young (73728K), 10 survivors (10240K)
 Metaspace       used 86086K, committed 86784K, reserved 503808K
  class space    used 11494K, committed 11840K, reserved 421888K
}
Event: 71.754 GC heap after
{Heap after GC invocations=52 (full 0):
 garbage-first heap   total 181248K, used 88658K [0x0000000080000000, 0x0000000100000000)
  region size 1024K, 6 young (6144K), 6 survivors (6144K)
 Metaspace       used 86086K, committed 86784K, reserved 503808K
  class space    used 11494K, committed 11840K, reserved 421888K
}
Event: 71.790 GC heap before
{Heap before GC invocations=52 (full 0):
 garbage-first heap   total 181248K, used 90706K [0x0000000080000000, 0x0000000100000000)
  region size 1024K, 8 young (8192K), 6 survivors (6144K)
 Metaspace       used 86352K, committed 86976K, reserved 503808K
  class space    used 11524K, committed 11840K, reserved 421888K
}
Event: 71.797 GC heap after
{Heap after GC invocations=53 (full 0):
 garbage-first heap   total 181248K, used 88019K [0x0000000080000000, 0x0000000100000000)
  region size 1024K, 1 young (1024K), 1 survivors (1024K)
 Metaspace       used 86352K, committed 86976K, reserved 503808K
  class space    used 11524K, committed 11840K, reserved 421888K
}
Event: 72.837 GC heap before
{Heap before GC invocations=53 (full 0):
 garbage-first heap   total 181248K, used 146387K [0x0000000080000000, 0x0000000100000000)
  region size 1024K, 58 young (59392K), 1 survivors (1024K)
 Metaspace       used 93267K, committed 94016K, reserved 503808K
  class space    used 12384K, committed 12736K, reserved 421888K
}
Event: 72.844 GC heap after
{Heap after GC invocations=54 (full 0):
 garbage-first heap   total 181248K, used 89774K [0x0000000080000000, 0x0000000100000000)
  region size 1024K, 3 young (3072K), 3 survivors (3072K)
 Metaspace       used 93267K, committed 94016K, reserved 503808K
  class space    used 12384K, committed 12736K, reserved 421888K
}
Event: 73.950 GC heap before
{Heap before GC invocations=55 (full 0):
 garbage-first heap   total 181248K, used 149166K [0x0000000080000000, 0x0000000100000000)
  region size 1024K, 60 young (61440K), 3 survivors (3072K)
 Metaspace       used 96347K, committed 97024K, reserved 512000K
  class space    used 12711K, committed 13056K, reserved 421888K
}
Event: 73.957 GC heap after
{Heap after GC invocations=56 (full 0):
 garbage-first heap   total 181248K, used 93033K [0x0000000080000000, 0x0000000100000000)
  region size 1024K, 6 young (6144K), 6 survivors (6144K)
 Metaspace       used 96347K, committed 97024K, reserved 512000K
  class space    used 12711K, committed 13056K, reserved 421888K
}
Event: 73.989 GC heap before
{Heap before GC invocations=56 (full 0):
 garbage-first heap   total 181248K, used 95081K [0x0000000080000000, 0x0000000100000000)
  region size 1024K, 8 young (8192K), 6 survivors (6144K)
 Metaspace       used 96365K, committed 97088K, reserved 512000K
  class space    used 12711K, committed 13056K, reserved 421888K
}
Event: 73.997 GC heap after
{Heap after GC invocations=57 (full 0):
 garbage-first heap   total 218112K, used 92450K [0x0000000080000000, 0x0000000100000000)
  region size 1024K, 1 young (1024K), 1 survivors (1024K)
 Metaspace       used 96365K, committed 97088K, reserved 512000K
  class space    used 12711K, committed 13056K, reserved 421888K
}
Event: 75.199 GC heap before
{Heap before GC invocations=57 (full 0):
 garbage-first heap   total 218112K, used 177442K [0x0000000080000000, 0x0000000100000000)
  region size 1024K, 84 young (86016K), 1 survivors (1024K)
 Metaspace       used 104346K, committed 104960K, reserved 520192K
  class space    used 13650K, committed 13952K, reserved 421888K
}
Event: 75.205 GC heap after
{Heap after GC invocations=58 (full 0):
 garbage-first heap   total 218112K, used 96422K [0x0000000080000000, 0x0000000100000000)
  region size 1024K, 5 young (5120K), 5 survivors (5120K)
 Metaspace       used 104346K, committed 104960K, reserved 520192K
  class space    used 13650K, committed 13952K, reserved 421888K
}
Event: 77.883 GC heap before
{Heap before GC invocations=58 (full 0):
 garbage-first heap   total 218112K, used 177318K [0x0000000080000000, 0x0000000100000000)
  region size 1024K, 85 young (87040K), 5 survivors (5120K)
 Metaspace       used 114643K, committed 115328K, reserved 528384K
  class space    used 14798K, committed 15104K, reserved 421888K
}
Event: 77.891 GC heap after
{Heap after GC invocations=59 (full 0):
 garbage-first heap   total 218112K, used 99418K [0x0000000080000000, 0x0000000100000000)
  region size 1024K, 8 young (8192K), 8 survivors (8192K)
 Metaspace       used 114643K, committed 115328K, reserved 528384K
  class space    used 14798K, committed 15104K, reserved 421888K
}

