# JRE version: Java(TM) SE Runtime Environment (17.0.1+12) (build 17.0.1+12-LTS-39)
# Java VM: Java HotSpot(TM) 64-Bit Server VM (17.0.1+12-LTS-39, mixed mode, sharing, tiered, compressed oops, compressed class ptrs, g1 gc, windows-amd64)
GC Precious Log:
 CPUs: 4 total, 4 available
 Memory: 7886M
 Large Page Support: Disabled
 NUMA Support: Disabled
 Compressed Oops: Enabled (32-bit)
 Heap Region Size: 1M
 Heap Min Capacity: 8M
 Heap Initial Capacity: 124M
 Heap Max Capacity: 2G
 Pre-touch: Disabled
 Parallel Workers: 4
 Concurrent Workers: 1
 Concurrent Refinement Workers: 4
 Periodic GC: Disabled
Heap:
 garbage-first heap   total 360448K, used 192586K [0x0000000080000000, 0x0000000100000000)
  region size 1024K, 8 young (8192K), 8 survivors (8192K)
 Metaspace       used 185611K, committed 186752K, reserved 593920K
  class space    used 22896K, committed 23424K, reserved 421888K
GC Heap History (20 events):
Event: 326.720 GC heap after
{Heap after GC invocations=230 (full 0):
 garbage-first heap   total 360448K, used 204814K [0x0000000080000000, 0x0000000100000000)
  region size 1024K, 9 young (9216K), 9 survivors (9216K)
 Metaspace       used 181953K, committed 182976K, reserved 585728K
  class space    used 22384K, committed 22912K, reserved 421888K
}
Event: 326.907 GC heap before
{Heap before GC invocations=230 (full 0):
 garbage-first heap   total 360448K, used 211982K [0x0000000080000000, 0x0000000100000000)
  region size 1024K, 17 young (17408K), 9 survivors (9216K)
 Metaspace       used 182423K, committed 183424K, reserved 585728K
  class space    used 22458K, committed 22976K, reserved 421888K
}
Event: 326.944 GC heap after
{Heap after GC invocations=231 (full 0):
 garbage-first heap   total 360448K, used 176427K [0x0000000080000000, 0x0000000100000000)
  region size 1024K, 2 young (2048K), 2 survivors (2048K)
 Metaspace       used 182423K, committed 183424K, reserved 585728K
  class space    used 22458K, committed 22976K, reserved 421888K
}
Event: 328.486 GC heap before
{Heap before GC invocations=231 (full 0):
 garbage-first heap   total 360448K, used 303403K [0x0000000080000000, 0x0000000100000000)
  region size 1024K, 126 young (129024K), 2 survivors (2048K)
 Metaspace       used 183659K, committed 184768K, reserved 585728K
  class space    used 22632K, committed 23168K, reserved 421888K
}
Event: 328.496 GC heap after
{Heap after GC invocations=232 (full 0):
 garbage-first heap   total 360448K, used 179091K [0x0000000080000000, 0x0000000100000000)
  region size 1024K, 4 young (4096K), 4 survivors (4096K)
 Metaspace       used 183659K, committed 184768K, reserved 585728K
  class space    used 22632K, committed 23168K, reserved 421888K
}
Event: 329.775 GC heap before
{Heap before GC invocations=233 (full 0):
 garbage-first heap   total 360448K, used 306067K [0x0000000080000000, 0x0000000100000000)
  region size 1024K, 127 young (130048K), 4 survivors (4096K)
 Metaspace       used 183779K, committed 184896K, reserved 585728K
  class space    used 22644K, committed 23168K, reserved 421888K
}
Event: 329.784 GC heap after
{Heap after GC invocations=234 (full 0):
 garbage-first heap   total 360448K, used 180639K [0x0000000080000000, 0x0000000100000000)
  region size 1024K, 6 young (6144K), 6 survivors (6144K)
 Metaspace       used 183779K, committed 184896K, reserved 585728K
  class space    used 22644K, committed 23168K, reserved 421888K
}
Event: 329.812 GC heap before
{Heap before GC invocations=234 (full 0):
 garbage-first heap   total 360448K, used 191903K [0x0000000080000000, 0x0000000100000000)
  region size 1024K, 17 young (17408K), 6 survivors (6144K)
 Metaspace       used 183779K, committed 184896K, reserved 585728K
  class space    used 22644K, committed 23168K, reserved 421888K
}
Event: 329.833 GC heap after
{Heap after GC invocations=235 (full 0):
 garbage-first heap   total 360448K, used 177496K [0x0000000080000000, 0x0000000100000000)
  region size 1024K, 2 young (2048K), 2 survivors (2048K)
 Metaspace       used 183779K, committed 184896K, reserved 585728K
  class space    used 22644K, committed 23168K, reserved 421888K
}
Event: 331.405 GC heap before
{Heap before GC invocations=235 (full 0):
 garbage-first heap   total 360448K, used 307544K [0x0000000080000000, 0x0000000100000000)
  region size 1024K, 129 young (132096K), 2 survivors (2048K)
 Metaspace       used 185194K, committed 186304K, reserved 585728K
  class space    used 22883K, committed 23424K, reserved 421888K
}
Event: 331.416 GC heap after
{Heap after GC invocations=236 (full 0):
 garbage-first heap   total 360448K, used 182457K [0x0000000080000000, 0x0000000100000000)
  region size 1024K, 7 young (7168K), 7 survivors (7168K)
 Metaspace       used 185194K, committed 186304K, reserved 585728K
  class space    used 22883K, committed 23424K, reserved 421888K
}
Event: 343.645 GC heap before
{Heap before GC invocations=236 (full 0):
 garbage-first heap   total 360448K, used 307385K [0x0000000080000000, 0x0000000100000000)
  region size 1024K, 128 young (131072K), 7 survivors (7168K)
 Metaspace       used 185413K, committed 186496K, reserved 593920K
  class space    used 22893K, committed 23424K, reserved 421888K
}
Event: 343.664 GC heap after
{Heap after GC invocations=237 (full 0):
 garbage-first heap   total 360448K, used 186537K [0x0000000080000000, 0x0000000100000000)
  region size 1024K, 10 young (10240K), 10 survivors (10240K)
 Metaspace       used 185413K, committed 186496K, reserved 593920K
  class space    used 22893K, committed 23424K, reserved 421888K
}
Event: 360.807 GC heap before
{Heap before GC invocations=237 (full 0):
 garbage-first heap   total 360448K, used 307369K [0x0000000080000000, 0x0000000100000000)
  region size 1024K, 128 young (131072K), 10 survivors (10240K)
 Metaspace       used 185610K, committed 186752K, reserved 593920K
  class space    used 22896K, committed 23424K, reserved 421888K
}
Event: 360.825 GC heap after
{Heap after GC invocations=238 (full 0):
 garbage-first heap   total 360448K, used 190061K [0x0000000080000000, 0x0000000100000000)
  region size 1024K, 7 young (7168K), 7 survivors (7168K)
 Metaspace       used 185610K, committed 186752K, reserved 593920K
  class space    used 22896K, committed 23424K, reserved 421888K
}
Event: 361.012 GC heap before
{Heap before GC invocations=238 (full 0):
 garbage-first heap   total 360448K, used 306797K [0x0000000080000000, 0x0000000100000000)
  region size 1024K, 123 young (125952K), 7 survivors (7168K)
 Metaspace       used 185611K, committed 186752K, reserved 593920K
  class space    used 22896K, committed 23424K, reserved 421888K
}
Event: 361.020 GC heap after
{Heap after GC invocations=239 (full 0):
 garbage-first heap   total 360448K, used 190236K [0x0000000080000000, 0x0000000100000000)
  region size 1024K, 7 young (7168K), 7 survivors (7168K)
 Metaspace       used 185611K, committed 186752K, reserved 593920K
  class space    used 22896K, committed 23424K, reserved 421888K
}
Event: 361.253 GC heap before
{Heap before GC invocations=239 (full 0):
 garbage-first heap   total 360448K, used 309020K [0x0000000080000000, 0x0000000100000000)
  region size 1024K, 125 young (128000K), 7 survivors (7168K)
 Metaspace       used 185611K, committed 186752K, reserved 593920K
  class space    used 22896K, committed 23424K, reserved 421888K
}
Event: 361.260 GC heap after
{Heap after GC invocations=240 (full 0):
 garbage-first heap   total 360448K, used 190492K [0x0000000080000000, 0x0000000100000000)
  region size 1024K, 7 young (7168K), 7 survivors (7168K)
 Metaspace       used 185611K, committed 186752K, reserved 593920K
  class space    used 22896K, committed 23424K, reserved 421888K
}
Event: 361.555 GC heap before
{Heap before GC invocations=240 (full 0):
 garbage-first heap   total 360448K, used 312348K [0x0000000080000000, 0x0000000100000000)
  region size 1024K, 126 young (129024K), 7 survivors (7168K)
 Metaspace       used 185611K, committed 186752K, reserved 593920K
  class space    used 22896K, committed 23424K, reserved 421888K
}

