# JRE version: Java(TM) SE Runtime Environment (17.0.1+12) (build 17.0.1+12-LTS-39)
# Java VM: Java HotSpot(TM) 64-Bit Server VM (17.0.1+12-LTS-39, mixed mode, sharing, tiered, compressed oops, compressed class ptrs, g1 gc, windows-amd64)
GC Precious Log:
 CPUs: 4 total, 4 available
 Memory: 7886M
 Large Page Support: Disabled
 NUMA Support: Disabled
 Compressed Oops: Enabled (32-bit)
 Heap Region Size: 1M
 Heap Min Capacity: 8M
 Heap Initial Capacity: 124M
 Heap Max Capacity: 2G
 Pre-touch: Disabled
 Parallel Workers: 4
 Concurrent Workers: 1
 Concurrent Refinement Workers: 4
 Periodic GC: Disabled
Heap:
 garbage-first heap   total 541696K, used 302590K [0x0000000080000000, 0x0000000100000000)
  region size 1024K, 11 young (11264K), 4 survivors (4096K)
 Metaspace       used 107654K, committed 108544K, reserved 520192K
  class space    used 14732K, committed 15168K, reserved 421888K
GC Heap History (20 events):
Event: 64.217 GC heap before
{Heap before GC invocations=94 (full 0):
 garbage-first heap   total 286720K, used 239160K [0x0000000080000000, 0x0000000100000000)
  region size 1024K, 145 young (148480K), 15 survivors (15360K)
 Metaspace       used 93852K, committed 94656K, reserved 512000K
  class space    used 12999K, committed 13376K, reserved 421888K
}
Event: 64.232 GC heap after
{Heap after GC invocations=95 (full 0):
 garbage-first heap   total 286720K, used 108274K [0x0000000080000000, 0x0000000100000000)
  region size 1024K, 11 young (11264K), 11 survivors (11264K)
 Metaspace       used 93852K, committed 94656K, reserved 512000K
  class space    used 12999K, committed 13376K, reserved 421888K
}
Event: 64.242 GC heap before
{Heap before GC invocations=95 (full 0):
 garbage-first heap   total 286720K, used 111346K [0x0000000080000000, 0x0000000100000000)
  region size 1024K, 14 young (14336K), 11 survivors (11264K)
 Metaspace       used 93852K, committed 94656K, reserved 512000K
  class space    used 12999K, committed 13376K, reserved 421888K
}
Event: 64.251 GC heap after
{Heap after GC invocations=96 (full 0):
 garbage-first heap   total 286720K, used 107335K [0x0000000080000000, 0x0000000100000000)
  region size 1024K, 2 young (2048K), 2 survivors (2048K)
 Metaspace       used 93852K, committed 94656K, reserved 512000K
  class space    used 12999K, committed 13376K, reserved 421888K
}
Event: 65.588 GC heap before
{Heap before GC invocations=96 (full 0):
 garbage-first heap   total 286720K, used 239431K [0x0000000080000000, 0x0000000100000000)
  region size 1024K, 131 young (134144K), 2 survivors (2048K)
 Metaspace       used 95298K, committed 96128K, reserved 512000K
  class space    used 13237K, committed 13632K, reserved 421888K
}
Event: 65.595 GC heap after
{Heap after GC invocations=97 (full 0):
 garbage-first heap   total 286720K, used 111659K [0x0000000080000000, 0x0000000100000000)
  region size 1024K, 6 young (6144K), 6 survivors (6144K)
 Metaspace       used 95298K, committed 96128K, reserved 512000K
  class space    used 13237K, committed 13632K, reserved 421888K
}
Event: 66.047 GC heap before
{Heap before GC invocations=97 (full 0):
 garbage-first heap   total 286720K, used 237611K [0x0000000080000000, 0x0000000100000000)
  region size 1024K, 130 young (133120K), 6 survivors (6144K)
 Metaspace       used 95300K, committed 96128K, reserved 512000K
  class space    used 13237K, committed 13632K, reserved 421888K
}
Event: 66.052 GC heap after
{Heap after GC invocations=98 (full 0):
 garbage-first heap   total 286720K, used 111868K [0x0000000080000000, 0x0000000100000000)
  region size 1024K, 6 young (6144K), 6 survivors (6144K)
 Metaspace       used 95300K, committed 96128K, reserved 512000K
  class space    used 13237K, committed 13632K, reserved 421888K
}
Event: 66.466 GC heap before
{Heap before GC invocations=98 (full 0):
 garbage-first heap   total 286720K, used 240892K [0x0000000080000000, 0x0000000100000000)
  region size 1024K, 133 young (136192K), 6 survivors (6144K)
 Metaspace       used 95302K, committed 96128K, reserved 512000K
  class space    used 13237K, committed 13632K, reserved 421888K
}
Event: 66.471 GC heap after
{Heap after GC invocations=99 (full 0):
 garbage-first heap   total 286720K, used 112937K [0x0000000080000000, 0x0000000100000000)
  region size 1024K, 7 young (7168K), 7 survivors (7168K)
 Metaspace       used 95302K, committed 96128K, reserved 512000K
  class space    used 13237K, committed 13632K, reserved 421888K
}
Event: 66.780 GC heap before
{Heap before GC invocations=99 (full 0):
 garbage-first heap   total 286720K, used 242985K [0x0000000080000000, 0x0000000100000000)
  region size 1024K, 135 young (138240K), 7 survivors (7168K)
 Metaspace       used 95312K, committed 96192K, reserved 512000K
  class space    used 13237K, committed 13632K, reserved 421888K
}
Event: 66.787 GC heap after
{Heap after GC invocations=100 (full 0):
 garbage-first heap   total 286720K, used 113837K [0x0000000080000000, 0x0000000100000000)
  region size 1024K, 8 young (8192K), 8 survivors (8192K)
 Metaspace       used 95312K, committed 96192K, reserved 512000K
  class space    used 13237K, committed 13632K, reserved 421888K
}
Event: 68.531 GC heap before
{Heap before GC invocations=100 (full 0):
 garbage-first heap   total 286720K, used 244909K [0x0000000080000000, 0x0000000100000000)
  region size 1024K, 136 young (139264K), 8 survivors (8192K)
 Metaspace       used 98014K, committed 98944K, reserved 512000K
  class space    used 13536K, committed 13952K, reserved 421888K
}
Event: 68.543 GC heap after
{Heap after GC invocations=101 (full 0):
 garbage-first heap   total 286720K, used 115683K [0x0000000080000000, 0x0000000100000000)
  region size 1024K, 10 young (10240K), 10 survivors (10240K)
 Metaspace       used 98014K, committed 98944K, reserved 512000K
  class space    used 13536K, committed 13952K, reserved 421888K
}
Event: 72.466 GC heap before
{Heap before GC invocations=101 (full 0):
 garbage-first heap   total 286720K, used 243683K [0x0000000080000000, 0x0000000100000000)
  region size 1024K, 135 young (138240K), 10 survivors (10240K)
 Metaspace       used 104418K, committed 105344K, reserved 520192K
  class space    used 14406K, committed 14848K, reserved 421888K
}
Event: 72.489 GC heap after
{Heap after GC invocations=102 (full 0):
 garbage-first heap   total 286720K, used 125640K [0x0000000080000000, 0x0000000100000000)
  region size 1024K, 15 young (15360K), 15 survivors (15360K)
 Metaspace       used 104418K, committed 105344K, reserved 520192K
  class space    used 14406K, committed 14848K, reserved 421888K
}
Event: 73.370 GC heap before
{Heap before GC invocations=102 (full 0):
 garbage-first heap   total 286720K, used 163528K [0x0000000080000000, 0x0000000100000000)
  region size 1024K, 48 young (49152K), 15 survivors (15360K)
 Metaspace       used 106746K, committed 107712K, reserved 520192K
  class space    used 14648K, committed 15104K, reserved 421888K
}
Event: 73.390 GC heap after
{Heap after GC invocations=103 (full 0):
 garbage-first heap   total 286720K, used 131030K [0x0000000080000000, 0x0000000100000000)
  region size 1024K, 6 young (6144K), 6 survivors (6144K)
 Metaspace       used 106746K, committed 107712K, reserved 520192K
  class space    used 14648K, committed 15104K, reserved 421888K
}
Event: 76.027 GC heap before
{Heap before GC invocations=103 (full 0):
 garbage-first heap   total 415744K, used 326614K [0x0000000080000000, 0x0000000100000000)
  region size 1024K, 39 young (39936K), 6 survivors (6144K)
 Metaspace       used 107574K, committed 108480K, reserved 520192K
  class space    used 14732K, committed 15168K, reserved 421888K
}
Event: 76.054 GC heap after
{Heap after GC invocations=104 (full 0):
 garbage-first heap   total 415744K, used 293846K [0x0000000080000000, 0x0000000100000000)
  region size 1024K, 6 young (6144K), 6 survivors (6144K)
 Metaspace       used 107574K, committed 108480K, reserved 520192K
  class space    used 14732K, committed 15168K, reserved 421888K
}

