# JRE version: Java(TM) SE Runtime Environment (17.0.12+8) (build 17.0.12+8-LTS-286)
# Java VM: Java HotSpot(TM) 64-Bit Server VM (17.0.12+8-LTS-286, mixed mode, sharing, tiered, compressed oops, compressed class ptrs, g1 gc, windows-amd64)
GC Precious Log:
 CPUs: 4 total, 4 available
 Memory: 7886M
 Large Page Support: Disabled
 NUMA Support: Disabled
 Compressed Oops: Enabled (32-bit)
 Heap Region Size: 1M
 Heap Min Capacity: 8M
 Heap Initial Capacity: 124M
 Heap Max Capacity: 1972M
 Pre-touch: Disabled
 Parallel Workers: 4
 Concurrent Workers: 1
 Concurrent Refinement Workers: 4
 Periodic GC: Disabled
Heap:
 garbage-first heap   total 225280K, used 112294K [0x0000000084c00000, 0x0000000100000000)
  region size 1024K, 19 young (19456K), 12 survivors (12288K)
 Metaspace       used 73340K, committed 73728K, reserved 1179648K
  class space    used 8001K, committed 8192K, reserved 1048576K
GC Heap History (20 events):
Event: 28.484 GC heap before
{Heap before GC invocations=27 (full 0):
 garbage-first heap   total 104448K, used 82102K [0x0000000084c00000, 0x0000000100000000)
  region size 1024K, 21 young (21504K), 1 survivors (1024K)
 Metaspace       used 56081K, committed 56384K, reserved 1114112K
  class space    used 6573K, committed 6720K, reserved 1048576K
}
Event: 28.490 GC heap after
{Heap after GC invocations=28 (full 0):
 garbage-first heap   total 104448K, used 64597K [0x0000000084c00000, 0x0000000100000000)
  region size 1024K, 3 young (3072K), 3 survivors (3072K)
 Metaspace       used 56081K, committed 56384K, reserved 1114112K
  class space    used 6573K, committed 6720K, reserved 1048576K
}
Event: 30.098 GC heap before
{Heap before GC invocations=29 (full 0):
 garbage-first heap   total 112640K, used 84053K [0x0000000084c00000, 0x0000000100000000)
  region size 1024K, 22 young (22528K), 3 survivors (3072K)
 Metaspace       used 58078K, committed 58432K, reserved 1114112K
  class space    used 6736K, committed 6912K, reserved 1048576K
}
Event: 30.106 GC heap after
{Heap after GC invocations=30 (full 0):
 garbage-first heap   total 112640K, used 66562K [0x0000000084c00000, 0x0000000100000000)
  region size 1024K, 2 young (2048K), 2 survivors (2048K)
 Metaspace       used 58078K, committed 58432K, reserved 1114112K
  class space    used 6736K, committed 6912K, reserved 1048576K
}
Event: 30.323 GC heap before
{Heap before GC invocations=30 (full 0):
 garbage-first heap   total 112640K, used 69634K [0x0000000084c00000, 0x0000000100000000)
  region size 1024K, 5 young (5120K), 2 survivors (2048K)
 Metaspace       used 58224K, committed 58560K, reserved 1114112K
  class space    used 6747K, committed 6912K, reserved 1048576K
}
Event: 30.330 GC heap after
{Heap after GC invocations=31 (full 0):
 garbage-first heap   total 112640K, used 66541K [0x0000000084c00000, 0x0000000100000000)
  region size 1024K, 1 young (1024K), 1 survivors (1024K)
 Metaspace       used 58224K, committed 58560K, reserved 1114112K
  class space    used 6747K, committed 6912K, reserved 1048576K
}
Event: 32.563 GC heap before
{Heap before GC invocations=31 (full 0):
 garbage-first heap   total 112640K, used 92141K [0x0000000084c00000, 0x0000000100000000)
  region size 1024K, 24 young (24576K), 1 survivors (1024K)
 Metaspace       used 59380K, committed 59776K, reserved 1114112K
  class space    used 6798K, committed 6976K, reserved 1048576K
}
Event: 32.572 GC heap after
{Heap after GC invocations=32 (full 0):
 garbage-first heap   total 225280K, used 71534K [0x0000000084c00000, 0x0000000100000000)
  region size 1024K, 3 young (3072K), 3 survivors (3072K)
 Metaspace       used 59380K, committed 59776K, reserved 1114112K
  class space    used 6798K, committed 6976K, reserved 1048576K
}
Event: 40.931 GC heap before
{Heap before GC invocations=33 (full 0):
 garbage-first heap   total 225280K, used 164718K [0x0000000084c00000, 0x0000000100000000)
  region size 1024K, 93 young (95232K), 3 survivors (3072K)
 Metaspace       used 61448K, committed 61824K, reserved 1114112K
  class space    used 6983K, committed 7168K, reserved 1048576K
}
Event: 40.945 GC heap after
{Heap after GC invocations=34 (full 0):
 garbage-first heap   total 225280K, used 79726K [0x0000000084c00000, 0x0000000100000000)
  region size 1024K, 11 young (11264K), 11 survivors (11264K)
 Metaspace       used 61448K, committed 61824K, reserved 1114112K
  class space    used 6983K, committed 7168K, reserved 1048576K
}
Event: 41.009 GC heap before
{Heap before GC invocations=34 (full 0):
 garbage-first heap   total 225280K, used 80750K [0x0000000084c00000, 0x0000000100000000)
  region size 1024K, 12 young (12288K), 11 survivors (11264K)
 Metaspace       used 61460K, committed 61824K, reserved 1114112K
  class space    used 6983K, committed 7168K, reserved 1048576K
}
Event: 41.020 GC heap after
{Heap after GC invocations=35 (full 0):
 garbage-first heap   total 225280K, used 80616K [0x0000000084c00000, 0x0000000100000000)
  region size 1024K, 2 young (2048K), 2 survivors (2048K)
 Metaspace       used 61460K, committed 61824K, reserved 1114112K
  class space    used 6983K, committed 7168K, reserved 1048576K
}
Event: 47.307 GC heap before
{Heap before GC invocations=35 (full 0):
 garbage-first heap   total 225280K, used 166632K [0x0000000084c00000, 0x0000000100000000)
  region size 1024K, 86 young (88064K), 2 survivors (2048K)
 Metaspace       used 62095K, committed 62400K, reserved 1114112K
  class space    used 7005K, committed 7168K, reserved 1048576K
}
Event: 47.317 GC heap after
{Heap after GC invocations=36 (full 0):
 garbage-first heap   total 225280K, used 85074K [0x0000000084c00000, 0x0000000100000000)
  region size 1024K, 6 young (6144K), 6 survivors (6144K)
 Metaspace       used 62095K, committed 62400K, reserved 1114112K
  class space    used 7005K, committed 7168K, reserved 1048576K
}
Event: 53.390 GC heap before
{Heap before GC invocations=36 (full 0):
 garbage-first heap   total 225280K, used 172114K [0x0000000084c00000, 0x0000000100000000)
  region size 1024K, 91 young (93184K), 6 survivors (6144K)
 Metaspace       used 62548K, committed 62848K, reserved 1114112K
  class space    used 7021K, committed 7168K, reserved 1048576K
}
Event: 53.413 GC heap after
{Heap after GC invocations=37 (full 0):
 garbage-first heap   total 225280K, used 91403K [0x0000000084c00000, 0x0000000100000000)
  region size 1024K, 12 young (12288K), 12 survivors (12288K)
 Metaspace       used 62548K, committed 62848K, reserved 1114112K
  class space    used 7021K, committed 7168K, reserved 1048576K
}
Event: 57.733 GC heap before
{Heap before GC invocations=37 (full 0):
 garbage-first heap   total 225280K, used 177419K [0x0000000084c00000, 0x0000000100000000)
  region size 1024K, 96 young (98304K), 12 survivors (12288K)
 Metaspace       used 63768K, committed 64064K, reserved 1114112K
  class space    used 7085K, committed 7232K, reserved 1048576K
}
Event: 57.759 GC heap after
{Heap after GC invocations=38 (full 0):
 garbage-first heap   total 225280K, used 93993K [0x0000000084c00000, 0x0000000100000000)
  region size 1024K, 9 young (9216K), 9 survivors (9216K)
 Metaspace       used 63768K, committed 64064K, reserved 1114112K
  class space    used 7085K, committed 7232K, reserved 1048576K
}
Event: 64.886 GC heap before
{Heap before GC invocations=38 (full 0):
 garbage-first heap   total 225280K, used 182057K [0x0000000084c00000, 0x0000000100000000)
  region size 1024K, 95 young (97280K), 9 survivors (9216K)
 Metaspace       used 72632K, committed 73024K, reserved 1114112K
  class space    used 7969K, committed 8128K, reserved 1048576K
}
Event: 64.924 GC heap after
{Heap after GC invocations=39 (full 0):
 garbage-first heap   total 225280K, used 106150K [0x0000000084c00000, 0x0000000100000000)
  region size 1024K, 12 young (12288K), 12 survivors (12288K)
 Metaspace       used 72632K, committed 73024K, reserved 1114112K
  class space    used 7969K, committed 8128K, reserved 1048576K
}

