# JRE version: Java(TM) SE Runtime Environment (17.0.1+12) (build 17.0.1+12-LTS-39)
# Java VM: Java HotSpot(TM) 64-Bit Server VM (17.0.1+12-LTS-39, mixed mode, sharing, tiered, compressed oops, compressed class ptrs, g1 gc, windows-amd64)
GC Precious Log:
 CPUs: 4 total, 4 available
 Memory: 7886M
 Large Page Support: Disabled
 NUMA Support: Disabled
 Compressed Oops: Enabled (32-bit)
 Heap Region Size: 1M
 Heap Min Capacity: 8M
 Heap Initial Capacity: 124M
 Heap Max Capacity: 2G
 Pre-touch: Disabled
 Parallel Workers: 4
 Concurrent Workers: 1
 Concurrent Refinement Workers: 4
 Periodic GC: Disabled
Heap:
 garbage-first heap   total 126976K, used 63763K [0x0000000080000000, 0x0000000100000000)
  region size 1024K, 53 young (54272K), 1 survivors (1024K)
 Metaspace       used 10857K, committed 11008K, reserved 438272K
  class space    used 1466K, committed 1536K, reserved 421888K
GC Heap History (6 events):
Event: 2.750 GC heap before
{Heap before GC invocations=0 (full 0):
 garbage-first heap   total 126976K, used 12288K [0x0000000080000000, 0x0000000100000000)
  region size 1024K, 13 young (13312K), 0 survivors (0K)
 Metaspace       used 1016K, committed 1152K, reserved 430080K
  class space    used 76K, committed 128K, reserved 421888K
}
Event: 2.754 GC heap after
{Heap after GC invocations=1 (full 0):
 garbage-first heap   total 126976K, used 2939K [0x0000000080000000, 0x0000000100000000)
  region size 1024K, 2 young (2048K), 2 survivors (2048K)
 Metaspace       used 1016K, committed 1152K, reserved 430080K
  class space    used 76K, committed 128K, reserved 421888K
}
Event: 4.440 GC heap before
{Heap before GC invocations=1 (full 0):
 garbage-first heap   total 126976K, used 22395K [0x0000000080000000, 0x0000000100000000)
  region size 1024K, 18 young (18432K), 2 survivors (2048K)
 Metaspace       used 3417K, committed 3584K, reserved 430080K
  class space    used 423K, committed 512K, reserved 421888K
}
Event: 4.446 GC heap after
{Heap after GC invocations=2 (full 0):
 garbage-first heap   total 126976K, used 10547K [0x0000000080000000, 0x0000000100000000)
  region size 1024K, 3 young (3072K), 3 survivors (3072K)
 Metaspace       used 3417K, committed 3584K, reserved 430080K
  class space    used 423K, committed 512K, reserved 421888K
}
Event: 6.010 GC heap before
{Heap before GC invocations=2 (full 0):
 garbage-first heap   total 126976K, used 33075K [0x0000000080000000, 0x0000000100000000)
  region size 1024K, 25 young (25600K), 3 survivors (3072K)
 Metaspace       used 4018K, committed 4224K, reserved 430080K
  class space    used 491K, committed 576K, reserved 421888K
}
Event: 6.014 GC heap after
{Heap after GC invocations=3 (full 0):
 garbage-first heap   total 126976K, used 11539K [0x0000000080000000, 0x0000000100000000)
  region size 1024K, 1 young (1024K), 1 survivors (1024K)
 Metaspace       used 4018K, committed 4224K, reserved 430080K
  class space    used 491K, committed 576K, reserved 421888K
}

